<?xml version="1.0" encoding="UTF-8"?>
<!-- Generated by org.testng.reporters.JUnitReportReporter -->
<testsuite skipped="0" hostname="MPC-FN75D84W91" name="com.assignment.app.UiTest" tests="11" failures="0" timestamp="04 Feb 2021 14:21:38 GMT" time="219.864" errors="0">
  <testcase name="verifySetupParentSupportUsingExcel" time="23.886" classname="com.assignment.app.UiTest"/>
  <testcase name="verifySetupParentSupportUsingExcel" time="21.552" classname="com.assignment.app.UiTest"/>
  <testcase name="verifySetupParentSupportUsingJson" time="21.455" classname="com.assignment.app.UiTest"/>
  <testcase name="verifyLanguageSelection" time="19.956" classname="com.assignment.app.UiTest"/>
  <testcase name="verifyNumberOfLanguages" time="14.551" classname="com.assignment.app.UiTest"/>
  <testcase name="verifySetupParentSupportUsingJson" time="20.962" classname="com.assignment.app.UiTest"/>
  <testcase name="verifySetupParentSupportUsingJson" time="21.510" classname="com.assignment.app.UiTest"/>
  <testcase name="verifySetupParentSupportUsingExcel" time="21.372" classname="com.assignment.app.UiTest"/>
  <testcase name="verifySetupParentSupportUsingExcel" time="20.837" classname="com.assignment.app.UiTest"/>
  <testcase name="verifySetupParentSupportUsingJson" time="20.786" classname="com.assignment.app.UiTest"/>
  <testcase name="verifyIfPageLoads" time="12.997" classname="com.assignment.app.UiTest"/>
</testsuite> <!-- com.assignment.app.UiTest -->
