<?xml version="1.0" encoding="UTF-8"?>
<!-- Generated by org.testng.reporters.JUnitReportReporter -->
<testsuite skipped="0" hostname="MPC-FN75D84W91" name="com.assignment.app.ApiTest" tests="1" failures="0" timestamp="04 Feb 2021 14:21:38 GMT" time="4.571" errors="0">
  <testcase name="eulaVerification" time="4.571" classname="com.assignment.app.ApiTest"/>
</testsuite> <!-- com.assignment.app.ApiTest -->
