<?xml version="1.0" encoding="UTF-8"?>
<!-- Generated by org.testng.reporters.JUnitReportReporter -->
<testsuite skipped="0" hostname="MPC-FN75D84W91" name="com.assignment.app.UiTest" tests="11" failures="0" timestamp="03 Feb 2021 15:58:40 GMT" time="226.125" errors="0">
  <testcase name="verifyLanguageSelection" time="26.257" classname="com.assignment.app.UiTest"/>
  <testcase name="verifySetupParentSupportUsingJson" time="20.312" classname="com.assignment.app.UiTest"/>
  <testcase name="verifySetupParentSupportUsingJson" time="21.489" classname="com.assignment.app.UiTest"/>
  <testcase name="verifyNumberOfLanguages" time="15.921" classname="com.assignment.app.UiTest"/>
  <testcase name="verifySetupParentSupportUsingJson" time="20.648" classname="com.assignment.app.UiTest"/>
  <testcase name="verifySetupParentSupportUsingJson" time="20.337" classname="com.assignment.app.UiTest"/>
  <testcase name="verifySetupParentSupportUsingExcel" time="21.659" classname="com.assignment.app.UiTest"/>
  <testcase name="verifySetupParentSupportUsingExcel" time="20.888" classname="com.assignment.app.UiTest"/>
  <testcase name="verifyIfPageLoads" time="15.651" classname="com.assignment.app.UiTest"/>
  <testcase name="verifySetupParentSupportUsingExcel" time="21.239" classname="com.assignment.app.UiTest"/>
  <testcase name="verifySetupParentSupportUsingExcel" time="21.724" classname="com.assignment.app.UiTest"/>
</testsuite> <!-- com.assignment.app.UiTest -->
